2021-10-21 13:23:59 [INFO ] [o.s.boot.StartupInfoLogger  logStarting  55] : Starting LottoApiApplication using Java 17 on localhost.localdomain with PID 185610 (/home/devh/dev_sources/lotto-api/bin/main started by devh in /home/devh/dev_sources/lotto-api)
2021-10-21 13:23:59 [INFO ] [o.s.boot.SpringApplication  logStartupProfileInfo  659] : No active profile set, falling back to default profiles: default
2021-10-21 13:23:59 [INFO ] [o.s.boot.logging.DeferredLog  logTo  255] : Devtools property defaults active! Set 'spring.devtools.add-properties' to 'false' to disable
2021-10-21 13:23:59 [INFO ] [o.s.boot.logging.DeferredLog  logTo  255] : For additional web related logging consider setting the 'logging.level.web' property to 'DEBUG'
2021-10-21 13:24:00 [INFO ] [o.s.d.r.c.RepositoryConfigurationDelegate  multipleStoresDetected  262] : Multiple Spring Data modules found, entering strict repository configuration mode!
2021-10-21 13:24:00 [INFO ] [o.s.d.r.c.RepositoryConfigurationDelegate  registerRepositoriesIn  132] : Bootstrapping Spring Data Elasticsearch repositories in DEFAULT mode.
2021-10-21 13:24:00 [INFO ] [o.s.d.r.c.RepositoryConfigurationDelegate  registerRepositoriesIn  201] : Finished Spring Data repository scanning in 5 ms. Found 0 Elasticsearch repository interfaces.
2021-10-21 13:24:00 [INFO ] [o.s.d.r.c.RepositoryConfigurationDelegate  multipleStoresDetected  262] : Multiple Spring Data modules found, entering strict repository configuration mode!
2021-10-21 13:24:00 [INFO ] [o.s.d.r.c.RepositoryConfigurationDelegate  registerRepositoriesIn  132] : Bootstrapping Spring Data Elasticsearch repositories in DEFAULT mode.
2021-10-21 13:24:00 [INFO ] [o.s.d.r.c.RepositoryConfigurationExtensionSupport  isStrictRepositoryCandidate  349] : Spring Data Elasticsearch - Could not safely identify store assignment for repository candidate interface com.devh.api.lotto.repository.LottoResultDetailRepository. If you want this repository to be a Elasticsearch repository, consider annotating your entities with one of these annotations: org.springframework.data.elasticsearch.annotations.Document (preferred), or consider extending one of the following types with your repository: org.springframework.data.elasticsearch.repository.ElasticsearchRepository, org.springframework.data.elasticsearch.repository.ElasticsearchRepository.
2021-10-21 13:24:00 [INFO ] [o.s.d.r.c.RepositoryConfigurationExtensionSupport  isStrictRepositoryCandidate  349] : Spring Data Elasticsearch - Could not safely identify store assignment for repository candidate interface com.devh.api.lotto.repository.LottoResultRepository. If you want this repository to be a Elasticsearch repository, consider annotating your entities with one of these annotations: org.springframework.data.elasticsearch.annotations.Document (preferred), or consider extending one of the following types with your repository: org.springframework.data.elasticsearch.repository.ElasticsearchRepository, org.springframework.data.elasticsearch.repository.ElasticsearchRepository.
2021-10-21 13:24:00 [INFO ] [o.s.d.r.c.RepositoryConfigurationDelegate  registerRepositoriesIn  201] : Finished Spring Data repository scanning in 60 ms. Found 1 Elasticsearch repository interfaces.
2021-10-21 13:24:00 [INFO ] [o.s.d.r.c.RepositoryConfigurationDelegate  multipleStoresDetected  262] : Multiple Spring Data modules found, entering strict repository configuration mode!
2021-10-21 13:24:00 [INFO ] [o.s.d.r.c.RepositoryConfigurationDelegate  registerRepositoriesIn  132] : Bootstrapping Spring Data Reactive Elasticsearch repositories in DEFAULT mode.
2021-10-21 13:24:00 [INFO ] [o.s.d.r.c.RepositoryConfigurationExtensionSupport  isStrictRepositoryCandidate  349] : Spring Data Reactive Elasticsearch - Could not safely identify store assignment for repository candidate interface com.devh.api.lotto.repository.LottoResultDetailRepository. If you want this repository to be a Reactive Elasticsearch repository, consider annotating your entities with one of these annotations: org.springframework.data.elasticsearch.annotations.Document (preferred), or consider extending one of the following types with your repository: org.springframework.data.elasticsearch.repository.ReactiveElasticsearchRepository.
2021-10-21 13:24:00 [INFO ] [o.s.d.r.c.RepositoryConfigurationExtensionSupport  isStrictRepositoryCandidate  349] : Spring Data Reactive Elasticsearch - Could not safely identify store assignment for repository candidate interface com.devh.api.lotto.repository.LottoResultRepository. If you want this repository to be a Reactive Elasticsearch repository, consider annotating your entities with one of these annotations: org.springframework.data.elasticsearch.annotations.Document (preferred), or consider extending one of the following types with your repository: org.springframework.data.elasticsearch.repository.ReactiveElasticsearchRepository.
2021-10-21 13:24:00 [INFO ] [o.s.d.r.c.RepositoryConfigurationDelegate  registerRepositoriesIn  201] : Finished Spring Data repository scanning in 11 ms. Found 0 Reactive Elasticsearch repository interfaces.
2021-10-21 13:24:00 [INFO ] [o.s.d.r.c.RepositoryConfigurationDelegate  multipleStoresDetected  262] : Multiple Spring Data modules found, entering strict repository configuration mode!
2021-10-21 13:24:00 [INFO ] [o.s.d.r.c.RepositoryConfigurationDelegate  registerRepositoriesIn  132] : Bootstrapping Spring Data JPA repositories in DEFAULT mode.
2021-10-21 13:24:00 [INFO ] [o.s.d.r.c.RepositoryConfigurationExtensionSupport  isStrictRepositoryCandidate  349] : Spring Data JPA - Could not safely identify store assignment for repository candidate interface com.devh.api.lotto.repository.LottoResultStoreRepository. If you want this repository to be a JPA repository, consider annotating your entities with one of these annotations: javax.persistence.Entity, javax.persistence.MappedSuperclass (preferred), or consider extending one of the following types with your repository: org.springframework.data.jpa.repository.JpaRepository.
2021-10-21 13:24:00 [INFO ] [o.s.d.r.c.RepositoryConfigurationDelegate  registerRepositoriesIn  201] : Finished Spring Data repository scanning in 16 ms. Found 2 JPA repository interfaces.
2021-10-21 13:24:01 [INFO ] [o.s.b.w.e.tomcat.TomcatWebServer  initialize  108] : Tomcat initialized with port(s): 8080 (http)
2021-10-21 13:24:01 [INFO ] [o.apache.juli.logging.DirectJDKLog  log  173] : Initializing ProtocolHandler ["http-nio-8080"]
2021-10-21 13:24:01 [INFO ] [o.apache.juli.logging.DirectJDKLog  log  173] : Starting service [Tomcat]
2021-10-21 13:24:01 [INFO ] [o.apache.juli.logging.DirectJDKLog  log  173] : Starting Servlet engine: [Apache Tomcat/9.0.53]
2021-10-21 13:24:01 [INFO ] [o.apache.juli.logging.DirectJDKLog  log  173] : Initializing Spring embedded WebApplicationContext
2021-10-21 13:24:01 [INFO ] [o.s.b.w.s.c.ServletWebServerApplicationContext  prepareWebApplicationContext  290] : Root WebApplicationContext: initialization completed in 1754 ms
2021-10-21 13:24:01 [INFO ] [o.h.jpa.internal.util.LogHelper  logPersistenceUnitInformation  31] : HHH000204: Processing PersistenceUnitInfo [name: default]
2021-10-21 13:24:01 [INFO ] [org.hibernate.Version  logVersion  44] : HHH000412: Hibernate ORM core version 5.4.32.Final
2021-10-21 13:24:01 [INFO ] [o.h.a.c.r.j.JavaReflectionManager  <clinit>  56] : HCANN000001: Hibernate Commons Annotations {5.1.2.Final}
2021-10-21 13:24:02 [INFO ] [com.zaxxer.hikari.HikariDataSource  getConnection  110] : HikariPool-1 - Starting...
2021-10-21 13:24:02 [INFO ] [com.zaxxer.hikari.HikariDataSource  getConnection  123] : HikariPool-1 - Start completed.
2021-10-21 13:24:02 [INFO ] [org.hibernate.dialect.Dialect  <init>  175] : HHH000400: Using dialect: org.hibernate.dialect.MariaDB103Dialect
2021-10-21 13:24:02 [INFO ] [o.h.e.t.j.p.i.JtaPlatformInitiator  initiateService  52] : HHH000490: Using JtaPlatform implementation: [org.hibernate.engine.transaction.jta.platform.internal.NoJtaPlatform]
2021-10-21 13:24:02 [INFO ] [o.s.o.j.AbstractEntityManagerFactoryBean  buildNativeEntityManagerFactory  437] : Initialized JPA EntityManagerFactory for persistence unit 'default'
2021-10-21 13:24:03 [INFO ] [o.s.d.e.support.VersionInfo  logVersions  62] : Version Spring Data Elasticsearch: 4.2.5
2021-10-21 13:24:03 [INFO ] [o.s.d.e.support.VersionInfo  logVersions  63] : Version Elasticsearch Client in build: 7.12.1
2021-10-21 13:24:03 [INFO ] [o.s.d.e.support.VersionInfo  logVersions  64] : Version Elasticsearch Client used: 7.12.1
2021-10-21 13:24:03 [INFO ] [o.s.d.e.support.VersionInfo  logVersions  72] : Version Elasticsearch cluster: 7.9.3
2021-10-21 13:24:03 [WARN ] [o.s.d.e.support.VersionInfo  logVersions  75] : Version mismatch in between Elasticsearch Client and Cluster: 7.12.1 - 7.9.3
2021-10-21 13:24:03 [INFO ] [c.d.common.util.component.MTUUtils  <init>  39] : SERVER IP : 172.30.1.18
2021-10-21 13:24:03 [INFO ] [c.d.a.l.c.QueryDSLConfiguration  jpaQueryFactory  22] : ### Setting up JPAQueryFactory...
2021-10-21 13:24:03 [WARN ] [o.s.b.a.o.j.JpaBaseConfiguration$JpaWebConfiguration  openEntityManagerInViewInterceptor  219] : spring.jpa.open-in-view is enabled by default. Therefore, database queries may be performed during view rendering. Explicitly configure spring.jpa.open-in-view to disable this warning
2021-10-21 13:24:03 [INFO ] [o.s.b.d.a.OptionalLiveReloadServer  startServer  58] : LiveReload server is running on port 35729
2021-10-21 13:24:04 [INFO ] [o.apache.juli.logging.DirectJDKLog  log  173] : Starting ProtocolHandler ["http-nio-8080"]
2021-10-21 13:24:04 [INFO ] [o.s.b.w.e.tomcat.TomcatWebServer  start  220] : Tomcat started on port(s): 8080 (http) with context path ''
2021-10-21 13:24:04 [INFO ] [o.s.boot.StartupInfoLogger  logStarted  61] : Started LottoApiApplication in 4.725 seconds (JVM running for 5.506)
2021-10-21 13:24:17 [INFO ] [o.s.o.j.AbstractEntityManagerFactoryBean  destroy  651] : Closing JPA EntityManagerFactory for persistence unit 'default'
2021-10-21 13:24:17 [INFO ] [com.zaxxer.hikari.HikariDataSource  close  350] : HikariPool-1 - Shutdown initiated...
2021-10-21 13:24:17 [INFO ] [com.zaxxer.hikari.HikariDataSource  close  352] : HikariPool-1 - Shutdown completed.
2021-10-21 13:25:21 [INFO ] [o.s.boot.StartupInfoLogger  logStarting  55] : Starting LottoApiApplication using Java 17 on localhost.localdomain with PID 185855 (/home/devh/dev_sources/lotto-api/bin/main started by devh in /home/devh/dev_sources/lotto-api)
2021-10-21 13:25:21 [INFO ] [o.s.boot.SpringApplication  logStartupProfileInfo  659] : No active profile set, falling back to default profiles: default
2021-10-21 13:25:22 [INFO ] [o.s.boot.logging.DeferredLog  logTo  255] : Devtools property defaults active! Set 'spring.devtools.add-properties' to 'false' to disable
2021-10-21 13:25:22 [INFO ] [o.s.boot.logging.DeferredLog  logTo  255] : For additional web related logging consider setting the 'logging.level.web' property to 'DEBUG'
2021-10-21 13:25:22 [INFO ] [o.s.d.r.c.RepositoryConfigurationDelegate  multipleStoresDetected  262] : Multiple Spring Data modules found, entering strict repository configuration mode!
2021-10-21 13:25:22 [INFO ] [o.s.d.r.c.RepositoryConfigurationDelegate  registerRepositoriesIn  132] : Bootstrapping Spring Data Elasticsearch repositories in DEFAULT mode.
2021-10-21 13:25:22 [INFO ] [o.s.d.r.c.RepositoryConfigurationDelegate  registerRepositoriesIn  201] : Finished Spring Data repository scanning in 6 ms. Found 0 Elasticsearch repository interfaces.
2021-10-21 13:25:22 [INFO ] [o.s.d.r.c.RepositoryConfigurationDelegate  multipleStoresDetected  262] : Multiple Spring Data modules found, entering strict repository configuration mode!
2021-10-21 13:25:22 [INFO ] [o.s.d.r.c.RepositoryConfigurationDelegate  registerRepositoriesIn  132] : Bootstrapping Spring Data Elasticsearch repositories in DEFAULT mode.
2021-10-21 13:25:22 [INFO ] [o.s.d.r.c.RepositoryConfigurationExtensionSupport  isStrictRepositoryCandidate  349] : Spring Data Elasticsearch - Could not safely identify store assignment for repository candidate interface com.devh.api.lotto.repository.LottoResultDetailRepository. If you want this repository to be a Elasticsearch repository, consider annotating your entities with one of these annotations: org.springframework.data.elasticsearch.annotations.Document (preferred), or consider extending one of the following types with your repository: org.springframework.data.elasticsearch.repository.ElasticsearchRepository, org.springframework.data.elasticsearch.repository.ElasticsearchRepository.
2021-10-21 13:25:22 [INFO ] [o.s.d.r.c.RepositoryConfigurationExtensionSupport  isStrictRepositoryCandidate  349] : Spring Data Elasticsearch - Could not safely identify store assignment for repository candidate interface com.devh.api.lotto.repository.LottoResultRepository. If you want this repository to be a Elasticsearch repository, consider annotating your entities with one of these annotations: org.springframework.data.elasticsearch.annotations.Document (preferred), or consider extending one of the following types with your repository: org.springframework.data.elasticsearch.repository.ElasticsearchRepository, org.springframework.data.elasticsearch.repository.ElasticsearchRepository.
2021-10-21 13:25:22 [INFO ] [o.s.d.r.c.RepositoryConfigurationDelegate  registerRepositoriesIn  201] : Finished Spring Data repository scanning in 55 ms. Found 1 Elasticsearch repository interfaces.
2021-10-21 13:25:22 [INFO ] [o.s.d.r.c.RepositoryConfigurationDelegate  multipleStoresDetected  262] : Multiple Spring Data modules found, entering strict repository configuration mode!
2021-10-21 13:25:22 [INFO ] [o.s.d.r.c.RepositoryConfigurationDelegate  registerRepositoriesIn  132] : Bootstrapping Spring Data Reactive Elasticsearch repositories in DEFAULT mode.
2021-10-21 13:25:22 [INFO ] [o.s.d.r.c.RepositoryConfigurationExtensionSupport  isStrictRepositoryCandidate  349] : Spring Data Reactive Elasticsearch - Could not safely identify store assignment for repository candidate interface com.devh.api.lotto.repository.LottoResultDetailRepository. If you want this repository to be a Reactive Elasticsearch repository, consider annotating your entities with one of these annotations: org.springframework.data.elasticsearch.annotations.Document (preferred), or consider extending one of the following types with your repository: org.springframework.data.elasticsearch.repository.ReactiveElasticsearchRepository.
2021-10-21 13:25:22 [INFO ] [o.s.d.r.c.RepositoryConfigurationExtensionSupport  isStrictRepositoryCandidate  349] : Spring Data Reactive Elasticsearch - Could not safely identify store assignment for repository candidate interface com.devh.api.lotto.repository.LottoResultRepository. If you want this repository to be a Reactive Elasticsearch repository, consider annotating your entities with one of these annotations: org.springframework.data.elasticsearch.annotations.Document (preferred), or consider extending one of the following types with your repository: org.springframework.data.elasticsearch.repository.ReactiveElasticsearchRepository.
2021-10-21 13:25:22 [INFO ] [o.s.d.r.c.RepositoryConfigurationDelegate  registerRepositoriesIn  201] : Finished Spring Data repository scanning in 9 ms. Found 0 Reactive Elasticsearch repository interfaces.
2021-10-21 13:25:22 [INFO ] [o.s.d.r.c.RepositoryConfigurationDelegate  multipleStoresDetected  262] : Multiple Spring Data modules found, entering strict repository configuration mode!
2021-10-21 13:25:22 [INFO ] [o.s.d.r.c.RepositoryConfigurationDelegate  registerRepositoriesIn  132] : Bootstrapping Spring Data JPA repositories in DEFAULT mode.
2021-10-21 13:25:22 [INFO ] [o.s.d.r.c.RepositoryConfigurationExtensionSupport  isStrictRepositoryCandidate  349] : Spring Data JPA - Could not safely identify store assignment for repository candidate interface com.devh.api.lotto.repository.LottoResultStoreRepository. If you want this repository to be a JPA repository, consider annotating your entities with one of these annotations: javax.persistence.Entity, javax.persistence.MappedSuperclass (preferred), or consider extending one of the following types with your repository: org.springframework.data.jpa.repository.JpaRepository.
2021-10-21 13:25:22 [INFO ] [o.s.d.r.c.RepositoryConfigurationDelegate  registerRepositoriesIn  201] : Finished Spring Data repository scanning in 16 ms. Found 2 JPA repository interfaces.
2021-10-21 13:25:23 [INFO ] [o.s.b.w.e.tomcat.TomcatWebServer  initialize  108] : Tomcat initialized with port(s): 8080 (http)
2021-10-21 13:25:23 [INFO ] [o.apache.juli.logging.DirectJDKLog  log  173] : Initializing ProtocolHandler ["http-nio-8080"]
2021-10-21 13:25:23 [INFO ] [o.apache.juli.logging.DirectJDKLog  log  173] : Starting service [Tomcat]
2021-10-21 13:25:23 [INFO ] [o.apache.juli.logging.DirectJDKLog  log  173] : Starting Servlet engine: [Apache Tomcat/9.0.53]
2021-10-21 13:25:23 [INFO ] [o.apache.juli.logging.DirectJDKLog  log  173] : Initializing Spring embedded WebApplicationContext
2021-10-21 13:25:23 [INFO ] [o.s.b.w.s.c.ServletWebServerApplicationContext  prepareWebApplicationContext  290] : Root WebApplicationContext: initialization completed in 1583 ms
2021-10-21 13:25:23 [INFO ] [o.h.jpa.internal.util.LogHelper  logPersistenceUnitInformation  31] : HHH000204: Processing PersistenceUnitInfo [name: default]
2021-10-21 13:25:23 [INFO ] [org.hibernate.Version  logVersion  44] : HHH000412: Hibernate ORM core version 5.4.32.Final
2021-10-21 13:25:23 [INFO ] [o.h.a.c.r.j.JavaReflectionManager  <clinit>  56] : HCANN000001: Hibernate Commons Annotations {5.1.2.Final}
2021-10-21 13:25:23 [INFO ] [com.zaxxer.hikari.HikariDataSource  getConnection  110] : HikariPool-1 - Starting...
2021-10-21 13:25:24 [INFO ] [com.zaxxer.hikari.HikariDataSource  getConnection  123] : HikariPool-1 - Start completed.
2021-10-21 13:25:24 [INFO ] [org.hibernate.dialect.Dialect  <init>  175] : HHH000400: Using dialect: org.hibernate.dialect.MariaDB103Dialect
2021-10-21 13:25:24 [INFO ] [o.h.e.t.j.p.i.JtaPlatformInitiator  initiateService  52] : HHH000490: Using JtaPlatform implementation: [org.hibernate.engine.transaction.jta.platform.internal.NoJtaPlatform]
2021-10-21 13:25:24 [INFO ] [o.s.o.j.AbstractEntityManagerFactoryBean  buildNativeEntityManagerFactory  437] : Initialized JPA EntityManagerFactory for persistence unit 'default'
2021-10-21 13:25:25 [INFO ] [o.s.d.e.support.VersionInfo  logVersions  62] : Version Spring Data Elasticsearch: 4.2.5
2021-10-21 13:25:25 [INFO ] [o.s.d.e.support.VersionInfo  logVersions  63] : Version Elasticsearch Client in build: 7.12.1
2021-10-21 13:25:25 [INFO ] [o.s.d.e.support.VersionInfo  logVersions  64] : Version Elasticsearch Client used: 7.12.1
2021-10-21 13:25:25 [INFO ] [o.s.d.e.support.VersionInfo  logVersions  72] : Version Elasticsearch cluster: 7.9.3
2021-10-21 13:25:25 [WARN ] [o.s.d.e.support.VersionInfo  logVersions  75] : Version mismatch in between Elasticsearch Client and Cluster: 7.12.1 - 7.9.3
2021-10-21 13:25:25 [INFO ] [c.d.common.util.component.MTUUtils  <init>  39] : SERVER IP : 172.30.1.18
2021-10-21 13:25:25 [INFO ] [c.d.a.l.c.QueryDSLConfiguration  jpaQueryFactory  22] : {org.hibernate.flushMode=AUTO, javax.persistence.lock.timeout=-1, javax.persistence.cache.retrieveMode=USE, javax.persistence.lock.scope=EXTENDED, javax.persistence.cache.storeMode=USE}
2021-10-21 13:25:25 [INFO ] [c.d.a.l.c.QueryDSLConfiguration  jpaQueryFactory  23] : Setting up JPAQueryFactory...
2021-10-21 13:25:25 [WARN ] [o.s.b.a.o.j.JpaBaseConfiguration$JpaWebConfiguration  openEntityManagerInViewInterceptor  219] : spring.jpa.open-in-view is enabled by default. Therefore, database queries may be performed during view rendering. Explicitly configure spring.jpa.open-in-view to disable this warning
2021-10-21 13:25:25 [INFO ] [o.s.b.d.a.OptionalLiveReloadServer  startServer  58] : LiveReload server is running on port 35729
2021-10-21 13:25:26 [INFO ] [o.apache.juli.logging.DirectJDKLog  log  173] : Starting ProtocolHandler ["http-nio-8080"]
2021-10-21 13:25:26 [INFO ] [o.s.b.w.e.tomcat.TomcatWebServer  start  220] : Tomcat started on port(s): 8080 (http) with context path ''
2021-10-21 13:25:26 [INFO ] [o.s.boot.StartupInfoLogger  logStarted  61] : Started LottoApiApplication in 4.569 seconds (JVM running for 5.257)
2021-10-21 13:25:45 [INFO ] [o.s.o.j.AbstractEntityManagerFactoryBean  destroy  651] : Closing JPA EntityManagerFactory for persistence unit 'default'
2021-10-21 13:25:45 [INFO ] [com.zaxxer.hikari.HikariDataSource  close  350] : HikariPool-1 - Shutdown initiated...
2021-10-21 13:25:45 [INFO ] [com.zaxxer.hikari.HikariDataSource  close  352] : HikariPool-1 - Shutdown completed.
